<?xml version="1.0" encoding="utf-8"?><testsuites name="pytest tests"><testsuite name="pytest" errors="0" failures="0" skipped="0" tests="25" time="3.650" timestamp="2026-01-12T18:53:59.482758+00:00" hostname="agent-env-9a0d2f3b-ddee-41be-b4bd-06cb212698f0"><testcase classname="tests.test_payment_methods_fios.TestPaymentMethodsCRUD" name="test_get_all_payment_methods" time="0.379" /><testcase classname="tests.test_payment_methods_fios.TestPaymentMethodsCRUD" name="test_get_active_payment_methods" time="0.043" /><testcase classname="tests.test_payment_methods_fios.TestPaymentMethodsCRUD" name="test_create_payment_method" time="0.171" /><testcase classname="tests.test_payment_methods_fios.TestPaymentMethodsCRUD" name="test_create_duplicate_payment_method_fails" time="0.126" /><testcase classname="tests.test_payment_methods_fios.TestPaymentMethodsCRUD" name="test_update_payment_method" time="0.166" /><testcase classname="tests.test_payment_methods_fios.TestPaymentMethodsCRUD" name="test_update_nonexistent_payment_method" time="0.508" /><testcase classname="tests.test_payment_methods_fios.TestPaymentMethodsCRUD" name="test_delete_payment_method" time="0.171" /><testcase classname="tests.test_payment_methods_fios.TestPaymentMethodsCRUD" name="test_delete_nonexistent_payment_method" time="0.042" /><testcase classname="tests.test_payment_methods_fios.TestInvoicePaymentStatus" name="test_create_invoice_pagado_requires_payment_method" time="0.100" /><testcase classname="tests.test_payment_methods_fios.TestInvoicePaymentStatus" name="test_create_invoice_por_cobrar_no_payment_method_required" time="0.183" /><testcase classname="tests.test_payment_methods_fios.TestInvoicePaymentStatus" name="test_create_invoice_pagado_with_valid_payment_method" time="0.170" /><testcase classname="tests.test_payment_methods_fios.TestInvoicePaymentStatus" name="test_create_invoice_with_inactive_payment_method_fails" time="0.237" /><testcase classname="tests.test_payment_methods_fios.TestFiosEndpoints" name="test_get_fios_accounts_summary" time="0.039" /><testcase classname="tests.test_payment_methods_fios.TestFiosEndpoints" name="test_get_fios_client_detail" time="0.079" /><testcase classname="tests.test_payment_methods_fios.TestFiosEndpoints" name="test_get_fios_client_not_found" time="0.043" /><testcase classname="tests.test_payment_methods_fios.TestFioPayments" name="test_register_partial_payment" time="0.167" /><testcase classname="tests.test_payment_methods_fios.TestFioPayments" name="test_payment_exceeds_balance_fails" time="0.163" /><testcase classname="tests.test_payment_methods_fios.TestFioPayments" name="test_payment_with_inactive_method_fails" time="0.199" /><testcase classname="tests.test_payment_methods_fios.TestFioPayments" name="test_payment_zero_amount_fails" time="0.156" /><testcase classname="tests.test_payment_methods_fios.TestFioPayments" name="test_payment_on_nonexistent_invoice_fails" time="0.077" /><testcase classname="tests.test_payment_methods_fios.TestUnauthorizedAccess" name="test_payment_methods_unauthorized" time="0.043" /><testcase classname="tests.test_payment_methods_fios.TestUnauthorizedAccess" name="test_payment_methods_active_unauthorized" time="0.036" /><testcase classname="tests.test_payment_methods_fios.TestUnauthorizedAccess" name="test_fios_unauthorized" time="0.036" /><testcase classname="tests.test_payment_methods_fios.TestUnauthorizedAccess" name="test_fios_client_unauthorized" time="0.037" /><testcase classname="tests.test_payment_methods_fios.TestUnauthorizedAccess" name="test_fios_payment_unauthorized" time="0.036" /></testsuite></testsuites>