<?xml version="1.0" encoding="utf-8"?><testsuites name="pytest tests"><testsuite name="pytest" errors="0" failures="0" skipped="0" tests="20" time="2.427" timestamp="2026-01-11T23:07:10.492802+00:00" hostname="agent-env-9a0d2f3b-ddee-41be-b4bd-06cb212698f0"><testcase classname="tests.test_invoices_tickets.TestAuth" name="test_login_success" time="0.289" /><testcase classname="tests.test_invoices_tickets.TestTicketConfig" name="test_get_ticket_config" time="0.305" /><testcase classname="tests.test_invoices_tickets.TestTicketConfig" name="test_update_ticket_config_58mm" time="0.080" /><testcase classname="tests.test_invoices_tickets.TestTicketConfig" name="test_update_ticket_config_80mm" time="0.043" /><testcase classname="tests.test_invoices_tickets.TestPOSInvoices" name="test_get_invoices_list" time="0.300" /><testcase classname="tests.test_invoices_tickets.TestPOSInvoices" name="test_get_invoices_with_pagination" time="0.038" /><testcase classname="tests.test_invoices_tickets.TestPOSInvoices" name="test_get_invoices_filter_by_status" time="0.042" /><testcase classname="tests.test_invoices_tickets.TestPOSInvoices" name="test_get_invoices_filter_by_invoice_number" time="0.081" /><testcase classname="tests.test_invoices_tickets.TestPOSInvoices" name="test_get_single_invoice_detail" time="0.078" /><testcase classname="tests.test_invoices_tickets.TestPOSInvoices" name="test_get_invoice_not_found" time="0.038" /><testcase classname="tests.test_invoices_tickets.TestPDFTicketGeneration" name="test_download_ticket_pdf" time="0.346" /><testcase classname="tests.test_invoices_tickets.TestPDFTicketGeneration" name="test_download_ticket_invoice_not_found" time="0.034" /><testcase classname="tests.test_invoices_tickets.TestInvoiceFilters" name="test_filter_by_date_range" time="0.316" /><testcase classname="tests.test_invoices_tickets.TestInvoiceFilters" name="test_filter_by_user_email" time="0.035" /><testcase classname="tests.test_invoices_tickets.TestInvoiceFilters" name="test_filter_by_client_document" time="0.045" /><testcase classname="tests.test_invoices_tickets.TestInvoiceFilters" name="test_combined_filters" time="0.039" /><testcase classname="tests.test_invoices_tickets.TestUnauthorizedAccess" name="test_get_invoices_unauthorized" time="0.034" /><testcase classname="tests.test_invoices_tickets.TestUnauthorizedAccess" name="test_get_ticket_config_unauthorized" time="0.037" /><testcase classname="tests.test_invoices_tickets.TestUnauthorizedAccess" name="test_update_ticket_config_unauthorized" time="0.035" /><testcase classname="tests.test_invoices_tickets.TestUnauthorizedAccess" name="test_download_ticket_unauthorized" time="0.032" /></testsuite></testsuites>